{"/workspace/src/server.js": {"path":"/workspace/src/server.js","statementMap":{"0":{"start":{"line":1,"column":16},"end":{"line":1,"column":34}},"1":{"start":{"line":2,"column":13},"end":{"line":2,"column":28}},"2":{"start":{"line":3,"column":17},"end":{"line":3,"column":36}},"3":{"start":{"line":4,"column":0},"end":{"line":4,"column":27}},"4":{"start":{"line":6,"column":22},"end":{"line":6,"column":56}},"5":{"start":{"line":7,"column":18},"end":{"line":7,"column":40}},"6":{"start":{"line":8,"column":21},"end":{"line":8,"column":62}},"7":{"start":{"line":10,"column":12},"end":{"line":10,"column":21}},"8":{"start":{"line":11,"column":13},"end":{"line":11,"column":37}},"9":{"start":{"line":14,"column":0},"end":{"line":14,"column":12}},"10":{"start":{"line":17,"column":0},"end":{"line":17,"column":16}},"11":{"start":{"line":18,"column":0},"end":{"line":18,"column":24}},"12":{"start":{"line":19,"column":0},"end":{"line":19,"column":48}},"13":{"start":{"line":22,"column":0},"end":{"line":24,"column":3}},"14":{"start":{"line":23,"column":2},"end":{"line":23,"column":66}},"15":{"start":{"line":27,"column":0},"end":{"line":27,"column":40}},"16":{"start":{"line":30,"column":0},"end":{"line":30,"column":22}},"17":{"start":{"line":33,"column":0},"end":{"line":35,"column":3}},"18":{"start":{"line":34,"column":2},"end":{"line":34,"column":53}},"19":{"start":{"line":37,"column":0},"end":{"line":41,"column":1}},"20":{"start":{"line":38,"column":2},"end":{"line":40,"column":5}},"21":{"start":{"line":39,"column":4},"end":{"line":39,"column":50}},"22":{"start":{"line":43,"column":0},"end":{"line":43,"column":21}}},"fnMap":{"0":{"name":"(anonymous_0)","decl":{"start":{"line":22,"column":23},"end":{"line":22,"column":24}},"loc":{"start":{"line":22,"column":37},"end":{"line":24,"column":1}},"line":22},"1":{"name":"(anonymous_1)","decl":{"start":{"line":33,"column":8},"end":{"line":33,"column":9}},"loc":{"start":{"line":33,"column":22},"end":{"line":35,"column":1}},"line":33},"2":{"name":"(anonymous_2)","decl":{"start":{"line":38,"column":19},"end":{"line":38,"column":20}},"loc":{"start":{"line":38,"column":25},"end":{"line":40,"column":3}},"line":38}},"branchMap":{"0":{"loc":{"start":{"line":11,"column":13},"end":{"line":11,"column":37}},"type":"binary-expr","locations":[{"start":{"line":11,"column":13},"end":{"line":11,"column":29}},{"start":{"line":11,"column":33},"end":{"line":11,"column":37}}],"line":11},"1":{"loc":{"start":{"line":37,"column":0},"end":{"line":41,"column":1}},"type":"if","locations":[{"start":{"line":37,"column":0},"end":{"line":41,"column":1}},{"start":{},"end":{}}],"line":37}},"s":{"0":1,"1":1,"2":1,"3":1,"4":1,"5":1,"6":1,"7":1,"8":1,"9":1,"10":1,"11":1,"12":1,"13":1,"14":1,"15":1,"16":1,"17":1,"18":0,"19":1,"20":0,"21":0,"22":1},"f":{"0":1,"1":0,"2":0},"b":{"0":[1,1],"1":[0,1]},"_coverageSchema":"1a1c01bbd47fc00a2c39e90264f33305004495a9","hash":"5d467b932c3fb936e4d7e561e035f3c7caaa47b3"}
,"/workspace/src/controllers/product.controller.js": {"path":"/workspace/src/controllers/product.controller.js","statementMap":{"0":{"start":{"line":1,"column":23},"end":{"line":1,"column":61}},"1":{"start":{"line":7,"column":0},"end":{"line":31,"column":2}},"2":{"start":{"line":8,"column":2},"end":{"line":30,"column":3}},"3":{"start":{"line":9,"column":20},"end":{"line":18,"column":5}},"4":{"start":{"line":20,"column":19},"end":{"line":20,"column":63}},"5":{"start":{"line":22,"column":4},"end":{"line":27,"column":7}},"6":{"start":{"line":29,"column":4},"end":{"line":29,"column":16}},"7":{"start":{"line":37,"column":0},"end":{"line":49,"column":2}},"8":{"start":{"line":38,"column":2},"end":{"line":48,"column":3}},"9":{"start":{"line":39,"column":20},"end":{"line":39,"column":70}},"10":{"start":{"line":41,"column":4},"end":{"line":45,"column":7}},"11":{"start":{"line":47,"column":4},"end":{"line":47,"column":16}},"12":{"start":{"line":55,"column":0},"end":{"line":67,"column":2}},"13":{"start":{"line":56,"column":2},"end":{"line":66,"column":3}},"14":{"start":{"line":57,"column":20},"end":{"line":57,"column":64}},"15":{"start":{"line":59,"column":4},"end":{"line":63,"column":7}},"16":{"start":{"line":65,"column":4},"end":{"line":65,"column":16}},"17":{"start":{"line":73,"column":0},"end":{"line":85,"column":2}},"18":{"start":{"line":74,"column":2},"end":{"line":84,"column":3}},"19":{"start":{"line":75,"column":20},"end":{"line":75,"column":79}},"20":{"start":{"line":77,"column":4},"end":{"line":81,"column":7}},"21":{"start":{"line":83,"column":4},"end":{"line":83,"column":16}},"22":{"start":{"line":91,"column":0},"end":{"line":102,"column":2}},"23":{"start":{"line":92,"column":2},"end":{"line":101,"column":3}},"24":{"start":{"line":93,"column":19},"end":{"line":93,"column":68}},"25":{"start":{"line":95,"column":4},"end":{"line":98,"column":7}},"26":{"start":{"line":100,"column":4},"end":{"line":100,"column":16}},"27":{"start":{"line":108,"column":0},"end":{"line":126,"column":2}},"28":{"start":{"line":109,"column":2},"end":{"line":125,"column":3}},"29":{"start":{"line":110,"column":32},"end":{"line":110,"column":40}},"30":{"start":{"line":112,"column":19},"end":{"line":116,"column":6}},"31":{"start":{"line":118,"column":4},"end":{"line":122,"column":7}},"32":{"start":{"line":124,"column":4},"end":{"line":124,"column":16}}},"fnMap":{"0":{"name":"(anonymous_0)","decl":{"start":{"line":7,"column":25},"end":{"line":7,"column":26}},"loc":{"start":{"line":7,"column":51},"end":{"line":31,"column":1}},"line":7},"1":{"name":"(anonymous_1)","decl":{"start":{"line":37,"column":25},"end":{"line":37,"column":26}},"loc":{"start":{"line":37,"column":51},"end":{"line":49,"column":1}},"line":37},"2":{"name":"(anonymous_2)","decl":{"start":{"line":55,"column":24},"end":{"line":55,"column":25}},"loc":{"start":{"line":55,"column":50},"end":{"line":67,"column":1}},"line":55},"3":{"name":"(anonymous_3)","decl":{"start":{"line":73,"column":24},"end":{"line":73,"column":25}},"loc":{"start":{"line":73,"column":50},"end":{"line":85,"column":1}},"line":73},"4":{"name":"(anonymous_4)","decl":{"start":{"line":91,"column":24},"end":{"line":91,"column":25}},"loc":{"start":{"line":91,"column":50},"end":{"line":102,"column":1}},"line":91},"5":{"name":"(anonymous_5)","decl":{"start":{"line":108,"column":20},"end":{"line":108,"column":21}},"loc":{"start":{"line":108,"column":46},"end":{"line":126,"column":1}},"line":108}},"branchMap":{},"s":{"0":2,"1":2,"2":7,"3":7,"4":7,"5":6,"6":1,"7":2,"8":3,"9":3,"10":1,"11":2,"12":2,"13":3,"14":3,"15":2,"16":1,"17":2,"18":4,"19":4,"20":2,"21":2,"22":2,"23":4,"24":4,"25":2,"26":2,"27":2,"28":3,"29":3,"30":3,"31":1,"32":2},"f":{"0":7,"1":3,"2":3,"3":4,"4":4,"5":3},"b":{},"_coverageSchema":"1a1c01bbd47fc00a2c39e90264f33305004495a9","hash":"908b0781988262fe8fa9efd06fc1535efa408a09"}
,"/workspace/src/middlewares/auth.middleware.js": {"path":"/workspace/src/middlewares/auth.middleware.js","statementMap":{"0":{"start":{"line":1,"column":12},"end":{"line":1,"column":35}},"1":{"start":{"line":4,"column":15},"end":{"line":6,"column":33}},"2":{"start":{"line":12,"column":2},"end":{"line":65,"column":4}},"3":{"start":{"line":13,"column":4},"end":{"line":64,"column":5}},"4":{"start":{"line":14,"column":25},"end":{"line":14,"column":50}},"5":{"start":{"line":16,"column":6},"end":{"line":21,"column":7}},"6":{"start":{"line":17,"column":8},"end":{"line":20,"column":11}},"7":{"start":{"line":23,"column":20},"end":{"line":23,"column":44}},"8":{"start":{"line":25,"column":6},"end":{"line":30,"column":7}},"9":{"start":{"line":26,"column":8},"end":{"line":29,"column":11}},"10":{"start":{"line":32,"column":22},"end":{"line":32,"column":78}},"11":{"start":{"line":33,"column":6},"end":{"line":33,"column":25}},"12":{"start":{"line":36,"column":6},"end":{"line":41,"column":7}},"13":{"start":{"line":37,"column":8},"end":{"line":40,"column":11}},"14":{"start":{"line":43,"column":6},"end":{"line":43,"column":13}},"15":{"start":{"line":45,"column":6},"end":{"line":50,"column":7}},"16":{"start":{"line":46,"column":8},"end":{"line":49,"column":11}},"17":{"start":{"line":52,"column":6},"end":{"line":57,"column":7}},"18":{"start":{"line":53,"column":8},"end":{"line":56,"column":11}},"19":{"start":{"line":59,"column":6},"end":{"line":63,"column":9}},"20":{"start":{"line":69,"column":0},"end":{"line":69,"column":46}},"21":{"start":{"line":70,"column":0},"end":{"line":70,"column":48}},"22":{"start":{"line":71,"column":0},"end":{"line":71,"column":63}}},"fnMap":{"0":{"name":"createAuthMiddleware","decl":{"start":{"line":11,"column":9},"end":{"line":11,"column":29}},"loc":{"start":{"line":11,"column":44},"end":{"line":66,"column":1}},"line":11},"1":{"name":"(anonymous_1)","decl":{"start":{"line":12,"column":9},"end":{"line":12,"column":10}},"loc":{"start":{"line":12,"column":35},"end":{"line":65,"column":3}},"line":12}},"branchMap":{"0":{"loc":{"start":{"line":4,"column":15},"end":{"line":6,"column":33}},"type":"cond-expr","locations":[{"start":{"line":5,"column":4},"end":{"line":5,"column":46}},{"start":{"line":6,"column":4},"end":{"line":6,"column":33}}],"line":4},"1":{"loc":{"start":{"line":11,"column":30},"end":{"line":11,"column":42}},"type":"default-arg","locations":[{"start":{"line":11,"column":40},"end":{"line":11,"column":42}}],"line":11},"2":{"loc":{"start":{"line":16,"column":6},"end":{"line":21,"column":7}},"type":"if","locations":[{"start":{"line":16,"column":6},"end":{"line":21,"column":7}},{"start":{},"end":{}}],"line":16},"3":{"loc":{"start":{"line":16,"column":10},"end":{"line":16,"column":58}},"type":"binary-expr","locations":[{"start":{"line":16,"column":10},"end":{"line":16,"column":21}},{"start":{"line":16,"column":25},"end":{"line":16,"column":58}}],"line":16},"4":{"loc":{"start":{"line":25,"column":6},"end":{"line":30,"column":7}},"type":"if","locations":[{"start":{"line":25,"column":6},"end":{"line":30,"column":7}},{"start":{},"end":{}}],"line":25},"5":{"loc":{"start":{"line":32,"column":40},"end":{"line":32,"column":77}},"type":"binary-expr","locations":[{"start":{"line":32,"column":40},"end":{"line":32,"column":57}},{"start":{"line":32,"column":61},"end":{"line":32,"column":77}}],"line":32},"6":{"loc":{"start":{"line":36,"column":6},"end":{"line":41,"column":7}},"type":"if","locations":[{"start":{"line":36,"column":6},"end":{"line":41,"column":7}},{"start":{},"end":{}}],"line":36},"7":{"loc":{"start":{"line":36,"column":10},"end":{"line":36,"column":74}},"type":"binary-expr","locations":[{"start":{"line":36,"column":10},"end":{"line":36,"column":30}},{"start":{"line":36,"column":35},"end":{"line":36,"column":44}},{"start":{"line":36,"column":48},"end":{"line":36,"column":73}}],"line":36},"8":{"loc":{"start":{"line":45,"column":6},"end":{"line":50,"column":7}},"type":"if","locations":[{"start":{"line":45,"column":6},"end":{"line":50,"column":7}},{"start":{},"end":{}}],"line":45},"9":{"loc":{"start":{"line":52,"column":6},"end":{"line":57,"column":7}},"type":"if","locations":[{"start":{"line":52,"column":6},"end":{"line":57,"column":7}},{"start":{},"end":{}}],"line":52}},"s":{"0":1,"1":1,"2":3,"3":27,"4":27,"5":27,"6":2,"7":25,"8":25,"9":0,"10":25,"11":25,"12":25,"13":3,"14":22,"15":0,"16":0,"17":0,"18":0,"19":0,"20":1,"21":1,"22":1},"f":{"0":3,"1":27},"b":{"0":[1,0],"1":[2],"2":[2,25],"3":[27,25],"4":[0,25],"5":[25,0],"6":[3,22],"7":[25,11,11],"8":[0,0],"9":[0,0]},"_coverageSchema":"1a1c01bbd47fc00a2c39e90264f33305004495a9","hash":"24e5eec37a8639ebc06d2ec030e52098f68077e3"}
,"/workspace/src/middlewares/error.middleware.js": {"path":"/workspace/src/middlewares/error.middleware.js","statementMap":{"0":{"start":{"line":4,"column":21},"end":{"line":57,"column":1}},"1":{"start":{"line":5,"column":2},"end":{"line":5,"column":31}},"2":{"start":{"line":7,"column":21},"end":{"line":7,"column":42}},"3":{"start":{"line":8,"column":18},"end":{"line":8,"column":56}},"4":{"start":{"line":11,"column":2},"end":{"line":18,"column":3}},"5":{"start":{"line":12,"column":19},"end":{"line":12,"column":64}},"6":{"start":{"line":12,"column":54},"end":{"line":12,"column":63}},"7":{"start":{"line":13,"column":4},"end":{"line":17,"column":7}},"8":{"start":{"line":21,"column":2},"end":{"line":27,"column":3}},"9":{"start":{"line":22,"column":18},"end":{"line":22,"column":48}},"10":{"start":{"line":23,"column":4},"end":{"line":26,"column":7}},"11":{"start":{"line":30,"column":2},"end":{"line":35,"column":3}},"12":{"start":{"line":31,"column":4},"end":{"line":34,"column":7}},"13":{"start":{"line":38,"column":2},"end":{"line":43,"column":3}},"14":{"start":{"line":39,"column":4},"end":{"line":42,"column":7}},"15":{"start":{"line":45,"column":2},"end":{"line":50,"column":3}},"16":{"start":{"line":46,"column":4},"end":{"line":49,"column":7}},"17":{"start":{"line":52,"column":2},"end":{"line":56,"column":5}},"18":{"start":{"line":59,"column":0},"end":{"line":59,"column":30}}},"fnMap":{"0":{"name":"(anonymous_0)","decl":{"start":{"line":4,"column":21},"end":{"line":4,"column":22}},"loc":{"start":{"line":4,"column":46},"end":{"line":57,"column":1}},"line":4},"1":{"name":"(anonymous_1)","decl":{"start":{"line":12,"column":49},"end":{"line":12,"column":50}},"loc":{"start":{"line":12,"column":54},"end":{"line":12,"column":63}},"line":12}},"branchMap":{"0":{"loc":{"start":{"line":7,"column":21},"end":{"line":7,"column":42}},"type":"binary-expr","locations":[{"start":{"line":7,"column":21},"end":{"line":7,"column":35}},{"start":{"line":7,"column":39},"end":{"line":7,"column":42}}],"line":7},"1":{"loc":{"start":{"line":8,"column":18},"end":{"line":8,"column":56}},"type":"binary-expr","locations":[{"start":{"line":8,"column":18},"end":{"line":8,"column":29}},{"start":{"line":8,"column":33},"end":{"line":8,"column":56}}],"line":8},"2":{"loc":{"start":{"line":11,"column":2},"end":{"line":18,"column":3}},"type":"if","locations":[{"start":{"line":11,"column":2},"end":{"line":18,"column":3}},{"start":{},"end":{}}],"line":11},"3":{"loc":{"start":{"line":21,"column":2},"end":{"line":27,"column":3}},"type":"if","locations":[{"start":{"line":21,"column":2},"end":{"line":27,"column":3}},{"start":{},"end":{}}],"line":21},"4":{"loc":{"start":{"line":30,"column":2},"end":{"line":35,"column":3}},"type":"if","locations":[{"start":{"line":30,"column":2},"end":{"line":35,"column":3}},{"start":{},"end":{}}],"line":30},"5":{"loc":{"start":{"line":38,"column":2},"end":{"line":43,"column":3}},"type":"if","locations":[{"start":{"line":38,"column":2},"end":{"line":43,"column":3}},{"start":{},"end":{}}],"line":38},"6":{"loc":{"start":{"line":45,"column":2},"end":{"line":50,"column":3}},"type":"if","locations":[{"start":{"line":45,"column":2},"end":{"line":50,"column":3}},{"start":{},"end":{}}],"line":45},"7":{"loc":{"start":{"line":55,"column":8},"end":{"line":55,"column":70}},"type":"binary-expr","locations":[{"start":{"line":55,"column":8},"end":{"line":55,"column":46}},{"start":{"line":55,"column":50},"end":{"line":55,"column":70}}],"line":55}},"s":{"0":1,"1":4,"2":4,"3":4,"4":4,"5":0,"6":0,"7":0,"8":4,"9":0,"10":0,"11":4,"12":0,"13":4,"14":0,"15":4,"16":0,"17":4,"18":1},"f":{"0":4,"1":0},"b":{"0":[4,0],"1":[4,0],"2":[0,4],"3":[0,4],"4":[0,4],"5":[0,4],"6":[0,4],"7":[4,0]},"_coverageSchema":"1a1c01bbd47fc00a2c39e90264f33305004495a9","hash":"a9d4610109649e1d0c7e15d239f47ae05175813d"}
,"/workspace/src/routes/product.routes.js": {"path":"/workspace/src/routes/product.routes.js","statementMap":{"0":{"start":{"line":1,"column":16},"end":{"line":1,"column":34}},"1":{"start":{"line":2,"column":15},"end":{"line":2,"column":31}},"2":{"start":{"line":3,"column":26},"end":{"line":3,"column":70}},"3":{"start":{"line":4,"column":36},"end":{"line":4,"column":77}},"4":{"start":{"line":12,"column":4},"end":{"line":12,"column":46}},"5":{"start":{"line":19,"column":0},"end":{"line":19,"column":96}},"6":{"start":{"line":26,"column":0},"end":{"line":26,"column":93}},"7":{"start":{"line":33,"column":0},"end":{"line":33,"column":121}},"8":{"start":{"line":40,"column":0},"end":{"line":40,"column":123}},"9":{"start":{"line":47,"column":0},"end":{"line":47,"column":82}},"10":{"start":{"line":54,"column":0},"end":{"line":54,"column":113}},"11":{"start":{"line":56,"column":0},"end":{"line":56,"column":24}}},"fnMap":{},"branchMap":{},"s":{"0":1,"1":1,"2":1,"3":1,"4":1,"5":1,"6":1,"7":1,"8":1,"9":1,"10":1,"11":1},"f":{},"b":{},"_coverageSchema":"1a1c01bbd47fc00a2c39e90264f33305004495a9","hash":"fcb9d0156cf65f1ba7d84c932bb1e93758b2f381"}
,"/workspace/src/services/product.service.js": {"path":"/workspace/src/services/product.service.js","statementMap":{"0":{"start":{"line":1,"column":17},"end":{"line":1,"column":36}},"1":{"start":{"line":2,"column":16},"end":{"line":2,"column":44}},"2":{"start":{"line":18,"column":8},"end":{"line":18,"column":15}},"3":{"start":{"line":21,"column":16},"end":{"line":21,"column":34}},"4":{"start":{"line":23,"column":4},"end":{"line":25,"column":5}},"5":{"start":{"line":24,"column":6},"end":{"line":24,"column":32}},"6":{"start":{"line":27,"column":4},"end":{"line":31,"column":5}},"7":{"start":{"line":28,"column":6},"end":{"line":28,"column":23}},"8":{"start":{"line":29,"column":6},"end":{"line":29,"column":70}},"9":{"start":{"line":29,"column":34},"end":{"line":29,"column":70}},"10":{"start":{"line":30,"column":6},"end":{"line":30,"column":70}},"11":{"start":{"line":30,"column":34},"end":{"line":30,"column":70}},"12":{"start":{"line":33,"column":4},"end":{"line":35,"column":5}},"13":{"start":{"line":34,"column":6},"end":{"line":34,"column":40}},"14":{"start":{"line":38,"column":17},"end":{"line":38,"column":35}},"15":{"start":{"line":39,"column":21},"end":{"line":42,"column":27}},"16":{"start":{"line":44,"column":18},"end":{"line":44,"column":53}},"17":{"start":{"line":46,"column":4},"end":{"line":54,"column":6}},"18":{"start":{"line":62,"column":4},"end":{"line":66,"column":5}},"19":{"start":{"line":63,"column":20},"end":{"line":63,"column":58}},"20":{"start":{"line":64,"column":6},"end":{"line":64,"column":29}},"21":{"start":{"line":65,"column":6},"end":{"line":65,"column":18}},"22":{"start":{"line":68,"column":20},"end":{"line":68,"column":46}},"23":{"start":{"line":70,"column":4},"end":{"line":74,"column":5}},"24":{"start":{"line":71,"column":20},"end":{"line":71,"column":50}},"25":{"start":{"line":72,"column":6},"end":{"line":72,"column":29}},"26":{"start":{"line":73,"column":6},"end":{"line":73,"column":18}},"27":{"start":{"line":76,"column":4},"end":{"line":76,"column":19}},"28":{"start":{"line":83,"column":20},"end":{"line":83,"column":53}},"29":{"start":{"line":84,"column":4},"end":{"line":84,"column":19}},"30":{"start":{"line":92,"column":4},"end":{"line":96,"column":5}},"31":{"start":{"line":93,"column":20},"end":{"line":93,"column":58}},"32":{"start":{"line":94,"column":6},"end":{"line":94,"column":29}},"33":{"start":{"line":95,"column":6},"end":{"line":95,"column":18}},"34":{"start":{"line":98,"column":20},"end":{"line":102,"column":5}},"35":{"start":{"line":104,"column":4},"end":{"line":108,"column":5}},"36":{"start":{"line":105,"column":20},"end":{"line":105,"column":50}},"37":{"start":{"line":106,"column":6},"end":{"line":106,"column":29}},"38":{"start":{"line":107,"column":6},"end":{"line":107,"column":18}},"39":{"start":{"line":110,"column":4},"end":{"line":110,"column":19}},"40":{"start":{"line":118,"column":4},"end":{"line":122,"column":5}},"41":{"start":{"line":119,"column":20},"end":{"line":119,"column":58}},"42":{"start":{"line":120,"column":6},"end":{"line":120,"column":29}},"43":{"start":{"line":121,"column":6},"end":{"line":121,"column":18}},"44":{"start":{"line":124,"column":20},"end":{"line":128,"column":5}},"45":{"start":{"line":130,"column":4},"end":{"line":134,"column":5}},"46":{"start":{"line":131,"column":20},"end":{"line":131,"column":50}},"47":{"start":{"line":132,"column":6},"end":{"line":132,"column":29}},"48":{"start":{"line":133,"column":6},"end":{"line":133,"column":18}},"49":{"start":{"line":136,"column":4},"end":{"line":136,"column":55}},"50":{"start":{"line":144,"column":4},"end":{"line":148,"column":5}},"51":{"start":{"line":145,"column":20},"end":{"line":145,"column":58}},"52":{"start":{"line":146,"column":6},"end":{"line":146,"column":29}},"53":{"start":{"line":147,"column":6},"end":{"line":147,"column":18}},"54":{"start":{"line":150,"column":40},"end":{"line":150,"column":50}},"55":{"start":{"line":152,"column":20},"end":{"line":152,"column":53}},"56":{"start":{"line":154,"column":4},"end":{"line":158,"column":5}},"57":{"start":{"line":155,"column":20},"end":{"line":155,"column":50}},"58":{"start":{"line":156,"column":6},"end":{"line":156,"column":29}},"59":{"start":{"line":157,"column":6},"end":{"line":157,"column":18}},"60":{"start":{"line":161,"column":4},"end":{"line":165,"column":5}},"61":{"start":{"line":162,"column":20},"end":{"line":162,"column":63}},"62":{"start":{"line":163,"column":6},"end":{"line":163,"column":29}},"63":{"start":{"line":164,"column":6},"end":{"line":164,"column":18}},"64":{"start":{"line":168,"column":22},"end":{"line":168,"column":99}},"65":{"start":{"line":170,"column":4},"end":{"line":170,"column":53}},"66":{"start":{"line":171,"column":4},"end":{"line":171,"column":29}},"67":{"start":{"line":172,"column":4},"end":{"line":175,"column":7}},"68":{"start":{"line":177,"column":4},"end":{"line":177,"column":76}},"69":{"start":{"line":184,"column":20},"end":{"line":184,"column":46}},"70":{"start":{"line":186,"column":4},"end":{"line":190,"column":5}},"71":{"start":{"line":187,"column":20},"end":{"line":187,"column":50}},"72":{"start":{"line":188,"column":6},"end":{"line":188,"column":29}},"73":{"start":{"line":189,"column":6},"end":{"line":189,"column":18}},"74":{"start":{"line":192,"column":21},"end":{"line":192,"column":51}},"75":{"start":{"line":194,"column":4},"end":{"line":198,"column":5}},"76":{"start":{"line":195,"column":20},"end":{"line":195,"column":51}},"77":{"start":{"line":196,"column":6},"end":{"line":196,"column":29}},"78":{"start":{"line":197,"column":6},"end":{"line":197,"column":18}},"79":{"start":{"line":200,"column":4},"end":{"line":200,"column":29}},"80":{"start":{"line":201,"column":4},"end":{"line":201,"column":61}},"81":{"start":{"line":203,"column":4},"end":{"line":203,"column":19}},"82":{"start":{"line":207,"column":0},"end":{"line":207,"column":38}}},"fnMap":{"0":{"name":"(anonymous_0)","decl":{"start":{"line":8,"column":2},"end":{"line":8,"column":3}},"loc":{"start":{"line":8,"column":37},"end":{"line":55,"column":3}},"line":8},"1":{"name":"(anonymous_1)","decl":{"start":{"line":60,"column":2},"end":{"line":60,"column":3}},"loc":{"start":{"line":60,"column":27},"end":{"line":77,"column":3}},"line":60},"2":{"name":"(anonymous_2)","decl":{"start":{"line":82,"column":2},"end":{"line":82,"column":3}},"loc":{"start":{"line":82,"column":35},"end":{"line":85,"column":3}},"line":82},"3":{"name":"(anonymous_3)","decl":{"start":{"line":90,"column":2},"end":{"line":90,"column":3}},"loc":{"start":{"line":90,"column":38},"end":{"line":111,"column":3}},"line":90},"4":{"name":"(anonymous_4)","decl":{"start":{"line":116,"column":2},"end":{"line":116,"column":3}},"loc":{"start":{"line":116,"column":26},"end":{"line":137,"column":3}},"line":116},"5":{"name":"(anonymous_5)","decl":{"start":{"line":142,"column":2},"end":{"line":142,"column":3}},"loc":{"start":{"line":142,"column":41},"end":{"line":178,"column":3}},"line":142},"6":{"name":"(anonymous_6)","decl":{"start":{"line":183,"column":2},"end":{"line":183,"column":3}},"loc":{"start":{"line":183,"column":40},"end":{"line":204,"column":3}},"line":183}},"branchMap":{"0":{"loc":{"start":{"line":8,"column":23},"end":{"line":8,"column":35}},"type":"default-arg","locations":[{"start":{"line":8,"column":33},"end":{"line":8,"column":35}}],"line":8},"1":{"loc":{"start":{"line":14,"column":6},"end":{"line":14,"column":26}},"type":"default-arg","locations":[{"start":{"line":14,"column":15},"end":{"line":14,"column":26}}],"line":14},"2":{"loc":{"start":{"line":15,"column":6},"end":{"line":15,"column":20}},"type":"default-arg","locations":[{"start":{"line":15,"column":14},"end":{"line":15,"column":20}}],"line":15},"3":{"loc":{"start":{"line":16,"column":6},"end":{"line":16,"column":14}},"type":"default-arg","locations":[{"start":{"line":16,"column":13},"end":{"line":16,"column":14}}],"line":16},"4":{"loc":{"start":{"line":17,"column":6},"end":{"line":17,"column":16}},"type":"default-arg","locations":[{"start":{"line":17,"column":14},"end":{"line":17,"column":16}}],"line":17},"5":{"loc":{"start":{"line":23,"column":4},"end":{"line":25,"column":5}},"type":"if","locations":[{"start":{"line":23,"column":4},"end":{"line":25,"column":5}},{"start":{},"end":{}}],"line":23},"6":{"loc":{"start":{"line":27,"column":4},"end":{"line":31,"column":5}},"type":"if","locations":[{"start":{"line":27,"column":4},"end":{"line":31,"column":5}},{"start":{},"end":{}}],"line":27},"7":{"loc":{"start":{"line":27,"column":8},"end":{"line":27,"column":56}},"type":"binary-expr","locations":[{"start":{"line":27,"column":8},"end":{"line":27,"column":30}},{"start":{"line":27,"column":34},"end":{"line":27,"column":56}}],"line":27},"8":{"loc":{"start":{"line":29,"column":6},"end":{"line":29,"column":70}},"type":"if","locations":[{"start":{"line":29,"column":6},"end":{"line":29,"column":70}},{"start":{},"end":{}}],"line":29},"9":{"loc":{"start":{"line":30,"column":6},"end":{"line":30,"column":70}},"type":"if","locations":[{"start":{"line":30,"column":6},"end":{"line":30,"column":70}},{"start":{},"end":{}}],"line":30},"10":{"loc":{"start":{"line":33,"column":4},"end":{"line":35,"column":5}},"type":"if","locations":[{"start":{"line":33,"column":4},"end":{"line":35,"column":5}},{"start":{},"end":{}}],"line":33},"11":{"loc":{"start":{"line":40,"column":24},"end":{"line":40,"column":48}},"type":"cond-expr","locations":[{"start":{"line":40,"column":42},"end":{"line":40,"column":43}},{"start":{"line":40,"column":46},"end":{"line":40,"column":48}}],"line":40},"12":{"loc":{"start":{"line":62,"column":4},"end":{"line":66,"column":5}},"type":"if","locations":[{"start":{"line":62,"column":4},"end":{"line":66,"column":5}},{"start":{},"end":{}}],"line":62},"13":{"loc":{"start":{"line":70,"column":4},"end":{"line":74,"column":5}},"type":"if","locations":[{"start":{"line":70,"column":4},"end":{"line":74,"column":5}},{"start":{},"end":{}}],"line":70},"14":{"loc":{"start":{"line":92,"column":4},"end":{"line":96,"column":5}},"type":"if","locations":[{"start":{"line":92,"column":4},"end":{"line":96,"column":5}},{"start":{},"end":{}}],"line":92},"15":{"loc":{"start":{"line":104,"column":4},"end":{"line":108,"column":5}},"type":"if","locations":[{"start":{"line":104,"column":4},"end":{"line":108,"column":5}},{"start":{},"end":{}}],"line":104},"16":{"loc":{"start":{"line":118,"column":4},"end":{"line":122,"column":5}},"type":"if","locations":[{"start":{"line":118,"column":4},"end":{"line":122,"column":5}},{"start":{},"end":{}}],"line":118},"17":{"loc":{"start":{"line":130,"column":4},"end":{"line":134,"column":5}},"type":"if","locations":[{"start":{"line":130,"column":4},"end":{"line":134,"column":5}},{"start":{},"end":{}}],"line":130},"18":{"loc":{"start":{"line":144,"column":4},"end":{"line":148,"column":5}},"type":"if","locations":[{"start":{"line":144,"column":4},"end":{"line":148,"column":5}},{"start":{},"end":{}}],"line":144},"19":{"loc":{"start":{"line":154,"column":4},"end":{"line":158,"column":5}},"type":"if","locations":[{"start":{"line":154,"column":4},"end":{"line":158,"column":5}},{"start":{},"end":{}}],"line":154},"20":{"loc":{"start":{"line":161,"column":4},"end":{"line":165,"column":5}},"type":"if","locations":[{"start":{"line":161,"column":4},"end":{"line":165,"column":5}},{"start":{},"end":{}}],"line":161},"21":{"loc":{"start":{"line":161,"column":8},"end":{"line":161,"column":32}},"type":"binary-expr","locations":[{"start":{"line":161,"column":8},"end":{"line":161,"column":18}},{"start":{"line":161,"column":22},"end":{"line":161,"column":32}}],"line":161},"22":{"loc":{"start":{"line":186,"column":4},"end":{"line":190,"column":5}},"type":"if","locations":[{"start":{"line":186,"column":4},"end":{"line":190,"column":5}},{"start":{},"end":{}}],"line":186},"23":{"loc":{"start":{"line":194,"column":4},"end":{"line":198,"column":5}},"type":"if","locations":[{"start":{"line":194,"column":4},"end":{"line":198,"column":5}},{"start":{},"end":{}}],"line":194}},"s":{"0":2,"1":2,"2":10,"3":10,"4":10,"5":2,"6":10,"7":2,"8":2,"9":2,"10":2,"11":2,"12":10,"13":1,"14":10,"15":10,"16":10,"17":10,"18":3,"19":0,"20":0,"21":0,"22":3,"23":3,"24":2,"25":2,"26":2,"27":1,"28":3,"29":3,"30":4,"31":0,"32":0,"33":0,"34":4,"35":4,"36":2,"37":2,"38":2,"39":2,"40":4,"41":0,"42":0,"43":0,"44":4,"45":4,"46":2,"47":2,"48":2,"49":2,"50":3,"51":0,"52":0,"53":0,"54":3,"55":3,"56":3,"57":2,"58":2,"59":2,"60":1,"61":0,"62":0,"63":0,"64":1,"65":1,"66":1,"67":1,"68":1,"69":4,"70":4,"71":1,"72":1,"73":1,"74":3,"75":3,"76":1,"77":1,"78":1,"79":2,"80":2,"81":2,"82":2},"f":{"0":10,"1":3,"2":3,"3":4,"4":4,"5":3,"6":4},"b":{"0":[0],"1":[10],"2":[10],"3":[5],"4":[5],"5":[2,8],"6":[2,8],"7":[10,8],"8":[2,0],"9":[2,0],"10":[1,9],"11":[0,10],"12":[0,3],"13":[2,1],"14":[0,4],"15":[2,2],"16":[0,4],"17":[2,2],"18":[0,3],"19":[2,1],"20":[0,1],"21":[1,1],"22":[1,3],"23":[1,2]},"_coverageSchema":"1a1c01bbd47fc00a2c39e90264f33305004495a9","hash":"a89f411d8d5df4af36ef18c8e0c6b09904a77364"}
,"/workspace/src/validators/product.validator.js": {"path":"/workspace/src/validators/product.validator.js","statementMap":{"0":{"start":{"line":1,"column":31},"end":{"line":1,"column":59}},"1":{"start":{"line":6,"column":0},"end":{"line":41,"column":2}},"2":{"start":{"line":46,"column":0},"end":{"line":73,"column":2}},"3":{"start":{"line":78,"column":0},"end":{"line":82,"column":2}},"4":{"start":{"line":87,"column":0},"end":{"line":100,"column":2}},"5":{"start":{"line":105,"column":0},"end":{"line":134,"column":2}},"6":{"start":{"line":139,"column":0},"end":{"line":155,"column":2}},"7":{"start":{"line":140,"column":31},"end":{"line":140,"column":59}},"8":{"start":{"line":141,"column":17},"end":{"line":141,"column":38}},"9":{"start":{"line":143,"column":2},"end":{"line":152,"column":3}},"10":{"start":{"line":144,"column":4},"end":{"line":151,"column":7}},"11":{"start":{"line":147,"column":41},"end":{"line":150,"column":7}},"12":{"start":{"line":154,"column":2},"end":{"line":154,"column":9}}},"fnMap":{"0":{"name":"(anonymous_0)","decl":{"start":{"line":139,"column":33},"end":{"line":139,"column":34}},"loc":{"start":{"line":139,"column":53},"end":{"line":155,"column":1}},"line":139},"1":{"name":"(anonymous_1)","decl":{"start":{"line":147,"column":33},"end":{"line":147,"column":34}},"loc":{"start":{"line":147,"column":41},"end":{"line":150,"column":7}},"line":147}},"branchMap":{"0":{"loc":{"start":{"line":143,"column":2},"end":{"line":152,"column":3}},"type":"if","locations":[{"start":{"line":143,"column":2},"end":{"line":152,"column":3}},{"start":{},"end":{}}],"line":143},"1":{"loc":{"start":{"line":148,"column":15},"end":{"line":148,"column":36}},"type":"binary-expr","locations":[{"start":{"line":148,"column":15},"end":{"line":148,"column":23}},{"start":{"line":148,"column":27},"end":{"line":148,"column":36}}],"line":148}},"s":{"0":1,"1":1,"2":1,"3":1,"4":1,"5":1,"6":1,"7":17,"8":17,"9":17,"10":7,"11":8,"12":10},"f":{"0":17,"1":8},"b":{"0":[7,10],"1":[8,0]},"_coverageSchema":"1a1c01bbd47fc00a2c39e90264f33305004495a9","hash":"4dba2a81edc1694597498b2c004b3d8190a59fa2"}
,"/workspace/tests/fixtures/product.fixtures.js": {"path":"/workspace/tests/fixtures/product.fixtures.js","statementMap":{"0":{"start":{"line":5,"column":15},"end":{"line":5,"column":48}},"1":{"start":{"line":10,"column":0},"end":{"line":141,"column":2}},"2":{"start":{"line":146,"column":0},"end":{"line":170,"column":2}},"3":{"start":{"line":175,"column":0},"end":{"line":199,"column":2}},"4":{"start":{"line":204,"column":0},"end":{"line":211,"column":2}},"5":{"start":{"line":205,"column":16},"end":{"line":205,"column":34}},"6":{"start":{"line":206,"column":11},"end":{"line":206,"column":13}},"7":{"start":{"line":207,"column":2},"end":{"line":209,"column":3}},"8":{"start":{"line":207,"column":15},"end":{"line":207,"column":16}},"9":{"start":{"line":208,"column":4},"end":{"line":208,"column":48}},"10":{"start":{"line":210,"column":2},"end":{"line":210,"column":12}},"11":{"start":{"line":216,"column":0},"end":{"line":216,"column":46}},"12":{"start":{"line":221,"column":0},"end":{"line":221,"column":51}}},"fnMap":{"0":{"name":"(anonymous_0)","decl":{"start":{"line":204,"column":25},"end":{"line":204,"column":26}},"loc":{"start":{"line":204,"column":31},"end":{"line":211,"column":1}},"line":204}},"branchMap":{},"s":{"0":3,"1":3,"2":3,"3":3,"4":3,"5":0,"6":0,"7":0,"8":0,"9":0,"10":0,"11":3,"12":3},"f":{"0":0},"b":{},"_coverageSchema":"1a1c01bbd47fc00a2c39e90264f33305004495a9","hash":"db2c5b6bffb6d3c15408d8741d2d420f8e4fb2c4"}
,"/workspace/tests/helpers/mocks.js": {"path":"/workspace/tests/helpers/mocks.js","statementMap":{"0":{"start":{"line":5,"column":21},"end":{"line":5,"column":60}},"1":{"start":{"line":8,"column":0},"end":{"line":26,"column":4}},"2":{"start":{"line":8,"column":29},"end":{"line":26,"column":1}},"3":{"start":{"line":13,"column":8},"end":{"line":13,"column":30}},"4":{"start":{"line":13,"column":17},"end":{"line":13,"column":30}},"5":{"start":{"line":15,"column":8},"end":{"line":15,"column":54}},"6":{"start":{"line":15,"column":42},"end":{"line":15,"column":54}},"7":{"start":{"line":17,"column":8},"end":{"line":17,"column":42}},"8":{"start":{"line":17,"column":30},"end":{"line":17,"column":42}},"9":{"start":{"line":18,"column":8},"end":{"line":18,"column":21}},"10":{"start":{"line":32,"column":14},"end":{"line":37,"column":3}},"11":{"start":{"line":35,"column":6},"end":{"line":35,"column":18}},"12":{"start":{"line":38,"column":2},"end":{"line":38,"column":13}},"13":{"start":{"line":47,"column":4},"end":{"line":47,"column":30}},"14":{"start":{"line":48,"column":4},"end":{"line":48,"column":23}},"15":{"start":{"line":55,"column":15},"end":{"line":55,"column":39}},"16":{"start":{"line":56,"column":20},"end":{"line":64,"column":6}},"17":{"start":{"line":66,"column":4},"end":{"line":66,"column":35}},"18":{"start":{"line":67,"column":4},"end":{"line":67,"column":19}},"19":{"start":{"line":74,"column":18},"end":{"line":74,"column":52}},"20":{"start":{"line":77,"column":4},"end":{"line":79,"column":5}},"21":{"start":{"line":78,"column":6},"end":{"line":78,"column":67}},"22":{"start":{"line":78,"column":36},"end":{"line":78,"column":65}},"23":{"start":{"line":82,"column":4},"end":{"line":84,"column":5}},"24":{"start":{"line":83,"column":6},"end":{"line":83,"column":67}},"25":{"start":{"line":83,"column":36},"end":{"line":83,"column":65}},"26":{"start":{"line":87,"column":4},"end":{"line":94,"column":5}},"27":{"start":{"line":88,"column":6},"end":{"line":90,"column":7}},"28":{"start":{"line":89,"column":8},"end":{"line":89,"column":67}},"29":{"start":{"line":89,"column":38},"end":{"line":89,"column":65}},"30":{"start":{"line":91,"column":6},"end":{"line":93,"column":7}},"31":{"start":{"line":92,"column":8},"end":{"line":92,"column":67}},"32":{"start":{"line":92,"column":38},"end":{"line":92,"column":65}},"33":{"start":{"line":97,"column":4},"end":{"line":122,"column":6}},"34":{"start":{"line":100,"column":35},"end":{"line":100,"column":65}},"35":{"start":{"line":101,"column":8},"end":{"line":107,"column":11}},"36":{"start":{"line":102,"column":10},"end":{"line":106,"column":11}},"37":{"start":{"line":103,"column":12},"end":{"line":103,"column":48}},"38":{"start":{"line":105,"column":12},"end":{"line":105,"column":48}},"39":{"start":{"line":108,"column":8},"end":{"line":119,"column":10}},"40":{"start":{"line":110,"column":12},"end":{"line":110,"column":43}},"41":{"start":{"line":111,"column":12},"end":{"line":116,"column":14}},"42":{"start":{"line":113,"column":16},"end":{"line":113,"column":50}},"43":{"start":{"line":114,"column":16},"end":{"line":114,"column":48}},"44":{"start":{"line":118,"column":29},"end":{"line":118,"column":45}},"45":{"start":{"line":121,"column":25},"end":{"line":121,"column":41}},"46":{"start":{"line":130,"column":18},"end":{"line":130,"column":39}},"47":{"start":{"line":133,"column":4},"end":{"line":135,"column":5}},"48":{"start":{"line":134,"column":6},"end":{"line":134,"column":46}},"49":{"start":{"line":137,"column":4},"end":{"line":137,"column":58}},"50":{"start":{"line":145,"column":18},"end":{"line":145,"column":39}},"51":{"start":{"line":148,"column":4},"end":{"line":150,"column":5}},"52":{"start":{"line":149,"column":6},"end":{"line":149,"column":46}},"53":{"start":{"line":152,"column":4},"end":{"line":154,"column":5}},"54":{"start":{"line":153,"column":6},"end":{"line":153,"column":42}},"55":{"start":{"line":157,"column":20},"end":{"line":157,"column":37}},"56":{"start":{"line":158,"column":4},"end":{"line":158,"column":24}},"57":{"start":{"line":160,"column":20},"end":{"line":164,"column":6}},"58":{"start":{"line":166,"column":4},"end":{"line":169,"column":5}},"59":{"start":{"line":167,"column":6},"end":{"line":167,"column":37}},"60":{"start":{"line":168,"column":6},"end":{"line":168,"column":21}},"61":{"start":{"line":171,"column":4},"end":{"line":171,"column":19}},"62":{"start":{"line":178,"column":20},"end":{"line":178,"column":42}},"63":{"start":{"line":179,"column":4},"end":{"line":179,"column":31}},"64":{"start":{"line":186,"column":4},"end":{"line":205,"column":5}},"65":{"start":{"line":187,"column":17},"end":{"line":187,"column":26}},"66":{"start":{"line":188,"column":20},"end":{"line":188,"column":41}},"67":{"start":{"line":191,"column":6},"end":{"line":193,"column":7}},"68":{"start":{"line":192,"column":8},"end":{"line":192,"column":48}},"69":{"start":{"line":195,"column":6},"end":{"line":204,"column":7}},"70":{"start":{"line":197,"column":31},"end":{"line":201,"column":10}},"71":{"start":{"line":202,"column":8},"end":{"line":202,"column":46}},"72":{"start":{"line":203,"column":8},"end":{"line":203,"column":35}},"73":{"start":{"line":206,"column":4},"end":{"line":206,"column":31}},"74":{"start":{"line":213,"column":4},"end":{"line":213,"column":26}},"75":{"start":{"line":214,"column":4},"end":{"line":214,"column":23}},"76":{"start":{"line":221,"column":4},"end":{"line":221,"column":46}},"77":{"start":{"line":228,"column":4},"end":{"line":228,"column":17}},"78":{"start":{"line":229,"column":4},"end":{"line":245,"column":7}},"79":{"start":{"line":231,"column":17},"end":{"line":231,"column":50}},"80":{"start":{"line":232,"column":6},"end":{"line":234,"column":7}},"81":{"start":{"line":233,"column":8},"end":{"line":233,"column":25}},"82":{"start":{"line":235,"column":22},"end":{"line":243,"column":8}},"83":{"start":{"line":244,"column":6},"end":{"line":244,"column":37}},"84":{"start":{"line":254,"column":4},"end":{"line":254,"column":27}},"85":{"start":{"line":258,"column":4},"end":{"line":258,"column":38}},"86":{"start":{"line":262,"column":15},"end":{"line":262,"column":33}},"87":{"start":{"line":263,"column":17},"end":{"line":267,"column":5}},"88":{"start":{"line":268,"column":4},"end":{"line":268,"column":29}},"89":{"start":{"line":269,"column":4},"end":{"line":269,"column":16}},"90":{"start":{"line":273,"column":4},"end":{"line":273,"column":23}},"91":{"start":{"line":278,"column":0},"end":{"line":278,"column":50}},"92":{"start":{"line":279,"column":0},"end":{"line":279,"column":44}},"93":{"start":{"line":280,"column":0},"end":{"line":280,"column":52}},"94":{"start":{"line":285,"column":0},"end":{"line":288,"column":2}},"95":{"start":{"line":293,"column":0},"end":{"line":300,"column":3}},"96":{"start":{"line":293,"column":49},"end":{"line":300,"column":1}},"97":{"start":{"line":305,"column":0},"end":{"line":312,"column":2}},"98":{"start":{"line":306,"column":14},"end":{"line":306,"column":16}},"99":{"start":{"line":307,"column":2},"end":{"line":307,"column":46}},"100":{"start":{"line":308,"column":2},"end":{"line":308,"column":44}},"101":{"start":{"line":309,"column":2},"end":{"line":309,"column":44}},"102":{"start":{"line":310,"column":2},"end":{"line":310,"column":49}},"103":{"start":{"line":311,"column":2},"end":{"line":311,"column":13}},"104":{"start":{"line":317,"column":0},"end":{"line":317,"column":41}},"105":{"start":{"line":317,"column":31},"end":{"line":317,"column":40}}},"fnMap":{"0":{"name":"(anonymous_0)","decl":{"start":{"line":8,"column":22},"end":{"line":8,"column":23}},"loc":{"start":{"line":8,"column":29},"end":{"line":26,"column":1}},"line":8},"1":{"name":"(anonymous_1)","decl":{"start":{"line":11,"column":15},"end":{"line":11,"column":16}},"loc":{"start":{"line":11,"column":23},"end":{"line":19,"column":7}},"line":11},"2":{"name":"createMockProductDoc","decl":{"start":{"line":31,"column":9},"end":{"line":31,"column":29}},"loc":{"start":{"line":31,"column":43},"end":{"line":39,"column":1}},"line":31},"3":{"name":"(anonymous_3)","decl":{"start":{"line":34,"column":39},"end":{"line":34,"column":40}},"loc":{"start":{"line":34,"column":56},"end":{"line":36,"column":5}},"line":34},"4":{"name":"(anonymous_4)","decl":{"start":{"line":46,"column":2},"end":{"line":46,"column":3}},"loc":{"start":{"line":46,"column":16},"end":{"line":49,"column":3}},"line":46},"5":{"name":"(anonymous_5)","decl":{"start":{"line":54,"column":2},"end":{"line":54,"column":3}},"loc":{"start":{"line":54,"column":28},"end":{"line":68,"column":3}},"line":54},"6":{"name":"(anonymous_6)","decl":{"start":{"line":73,"column":2},"end":{"line":73,"column":3}},"loc":{"start":{"line":73,"column":19},"end":{"line":123,"column":3}},"line":73},"7":{"name":"(anonymous_7)","decl":{"start":{"line":78,"column":31},"end":{"line":78,"column":32}},"loc":{"start":{"line":78,"column":36},"end":{"line":78,"column":65}},"line":78},"8":{"name":"(anonymous_8)","decl":{"start":{"line":83,"column":31},"end":{"line":83,"column":32}},"loc":{"start":{"line":83,"column":36},"end":{"line":83,"column":65}},"line":83},"9":{"name":"(anonymous_9)","decl":{"start":{"line":89,"column":33},"end":{"line":89,"column":34}},"loc":{"start":{"line":89,"column":38},"end":{"line":89,"column":65}},"line":89},"10":{"name":"(anonymous_10)","decl":{"start":{"line":92,"column":33},"end":{"line":92,"column":34}},"loc":{"start":{"line":92,"column":38},"end":{"line":92,"column":65}},"line":92},"11":{"name":"(anonymous_11)","decl":{"start":{"line":98,"column":12},"end":{"line":98,"column":13}},"loc":{"start":{"line":98,"column":29},"end":{"line":120,"column":7}},"line":98},"12":{"name":"(anonymous_12)","decl":{"start":{"line":101,"column":21},"end":{"line":101,"column":22}},"loc":{"start":{"line":101,"column":31},"end":{"line":107,"column":9}},"line":101},"13":{"name":"(anonymous_13)","decl":{"start":{"line":109,"column":16},"end":{"line":109,"column":17}},"loc":{"start":{"line":109,"column":27},"end":{"line":117,"column":11}},"line":109},"14":{"name":"(anonymous_14)","decl":{"start":{"line":112,"column":21},"end":{"line":112,"column":22}},"loc":{"start":{"line":112,"column":32},"end":{"line":115,"column":15}},"line":112},"15":{"name":"(anonymous_15)","decl":{"start":{"line":118,"column":16},"end":{"line":118,"column":17}},"loc":{"start":{"line":118,"column":29},"end":{"line":118,"column":45}},"line":118},"16":{"name":"(anonymous_16)","decl":{"start":{"line":121,"column":12},"end":{"line":121,"column":13}},"loc":{"start":{"line":121,"column":25},"end":{"line":121,"column":41}},"line":121},"17":{"name":"(anonymous_17)","decl":{"start":{"line":128,"column":2},"end":{"line":128,"column":3}},"loc":{"start":{"line":128,"column":21},"end":{"line":138,"column":3}},"line":128},"18":{"name":"(anonymous_18)","decl":{"start":{"line":143,"column":2},"end":{"line":143,"column":3}},"loc":{"start":{"line":143,"column":56},"end":{"line":172,"column":3}},"line":143},"19":{"name":"(anonymous_19)","decl":{"start":{"line":177,"column":2},"end":{"line":177,"column":3}},"loc":{"start":{"line":177,"column":35},"end":{"line":180,"column":3}},"line":177},"20":{"name":"(anonymous_20)","decl":{"start":{"line":185,"column":2},"end":{"line":185,"column":3}},"loc":{"start":{"line":185,"column":25},"end":{"line":207,"column":3}},"line":185},"21":{"name":"(anonymous_21)","decl":{"start":{"line":212,"column":2},"end":{"line":212,"column":3}},"loc":{"start":{"line":212,"column":10},"end":{"line":215,"column":3}},"line":212},"22":{"name":"(anonymous_22)","decl":{"start":{"line":220,"column":2},"end":{"line":220,"column":3}},"loc":{"start":{"line":220,"column":11},"end":{"line":222,"column":3}},"line":220},"23":{"name":"(anonymous_23)","decl":{"start":{"line":227,"column":2},"end":{"line":227,"column":3}},"loc":{"start":{"line":227,"column":29},"end":{"line":246,"column":3}},"line":227},"24":{"name":"(anonymous_24)","decl":{"start":{"line":229,"column":28},"end":{"line":229,"column":29}},"loc":{"start":{"line":229,"column":33},"end":{"line":245,"column":5}},"line":229},"25":{"name":"(anonymous_25)","decl":{"start":{"line":253,"column":2},"end":{"line":253,"column":3}},"loc":{"start":{"line":253,"column":16},"end":{"line":255,"column":3}},"line":253},"26":{"name":"(anonymous_26)","decl":{"start":{"line":257,"column":2},"end":{"line":257,"column":3}},"loc":{"start":{"line":257,"column":21},"end":{"line":259,"column":3}},"line":257},"27":{"name":"(anonymous_27)","decl":{"start":{"line":261,"column":2},"end":{"line":261,"column":3}},"loc":{"start":{"line":261,"column":25},"end":{"line":270,"column":3}},"line":261},"28":{"name":"(anonymous_28)","decl":{"start":{"line":272,"column":2},"end":{"line":272,"column":3}},"loc":{"start":{"line":272,"column":10},"end":{"line":274,"column":3}},"line":272},"29":{"name":"(anonymous_29)","decl":{"start":{"line":293,"column":28},"end":{"line":293,"column":29}},"loc":{"start":{"line":293,"column":49},"end":{"line":300,"column":1}},"line":293},"30":{"name":"(anonymous_30)","decl":{"start":{"line":305,"column":29},"end":{"line":305,"column":30}},"loc":{"start":{"line":305,"column":35},"end":{"line":312,"column":1}},"line":305},"31":{"name":"(anonymous_31)","decl":{"start":{"line":317,"column":25},"end":{"line":317,"column":26}},"loc":{"start":{"line":317,"column":31},"end":{"line":317,"column":40}},"line":317}},"branchMap":{"0":{"loc":{"start":{"line":13,"column":8},"end":{"line":13,"column":30}},"type":"if","locations":[{"start":{"line":13,"column":8},"end":{"line":13,"column":30}},{"start":{},"end":{}}],"line":13},"1":{"loc":{"start":{"line":15,"column":8},"end":{"line":15,"column":54}},"type":"if","locations":[{"start":{"line":15,"column":8},"end":{"line":15,"column":54}},{"start":{},"end":{}}],"line":15},"2":{"loc":{"start":{"line":17,"column":8},"end":{"line":17,"column":42}},"type":"if","locations":[{"start":{"line":17,"column":8},"end":{"line":17,"column":42}},{"start":{},"end":{}}],"line":17},"3":{"loc":{"start":{"line":73,"column":7},"end":{"line":73,"column":17}},"type":"default-arg","locations":[{"start":{"line":73,"column":15},"end":{"line":73,"column":17}}],"line":73},"4":{"loc":{"start":{"line":77,"column":4},"end":{"line":79,"column":5}},"type":"if","locations":[{"start":{"line":77,"column":4},"end":{"line":79,"column":5}},{"start":{},"end":{}}],"line":77},"5":{"loc":{"start":{"line":82,"column":4},"end":{"line":84,"column":5}},"type":"if","locations":[{"start":{"line":82,"column":4},"end":{"line":84,"column":5}},{"start":{},"end":{}}],"line":82},"6":{"loc":{"start":{"line":87,"column":4},"end":{"line":94,"column":5}},"type":"if","locations":[{"start":{"line":87,"column":4},"end":{"line":94,"column":5}},{"start":{},"end":{}}],"line":87},"7":{"loc":{"start":{"line":88,"column":6},"end":{"line":90,"column":7}},"type":"if","locations":[{"start":{"line":88,"column":6},"end":{"line":90,"column":7}},{"start":{},"end":{}}],"line":88},"8":{"loc":{"start":{"line":91,"column":6},"end":{"line":93,"column":7}},"type":"if","locations":[{"start":{"line":91,"column":6},"end":{"line":93,"column":7}},{"start":{},"end":{}}],"line":91},"9":{"loc":{"start":{"line":102,"column":10},"end":{"line":106,"column":11}},"type":"if","locations":[{"start":{"line":102,"column":10},"end":{"line":106,"column":11}},{"start":{"line":104,"column":17},"end":{"line":106,"column":11}}],"line":102},"10":{"loc":{"start":{"line":103,"column":19},"end":{"line":103,"column":47}},"type":"cond-expr","locations":[{"start":{"line":103,"column":41},"end":{"line":103,"column":42}},{"start":{"line":103,"column":45},"end":{"line":103,"column":47}}],"line":103},"11":{"loc":{"start":{"line":105,"column":19},"end":{"line":105,"column":47}},"type":"cond-expr","locations":[{"start":{"line":105,"column":41},"end":{"line":105,"column":42}},{"start":{"line":105,"column":45},"end":{"line":105,"column":47}}],"line":105},"12":{"loc":{"start":{"line":133,"column":4},"end":{"line":135,"column":5}},"type":"if","locations":[{"start":{"line":133,"column":4},"end":{"line":135,"column":5}},{"start":{},"end":{}}],"line":133},"13":{"loc":{"start":{"line":133,"column":8},"end":{"line":133,"column":30}},"type":"binary-expr","locations":[{"start":{"line":133,"column":8},"end":{"line":133,"column":16}},{"start":{"line":133,"column":20},"end":{"line":133,"column":30}}],"line":133},"14":{"loc":{"start":{"line":137,"column":11},"end":{"line":137,"column":57}},"type":"cond-expr","locations":[{"start":{"line":137,"column":21},"end":{"line":137,"column":50}},{"start":{"line":137,"column":53},"end":{"line":137,"column":57}}],"line":137},"15":{"loc":{"start":{"line":143,"column":42},"end":{"line":143,"column":54}},"type":"default-arg","locations":[{"start":{"line":143,"column":52},"end":{"line":143,"column":54}}],"line":143},"16":{"loc":{"start":{"line":148,"column":4},"end":{"line":150,"column":5}},"type":"if","locations":[{"start":{"line":148,"column":4},"end":{"line":150,"column":5}},{"start":{},"end":{}}],"line":148},"17":{"loc":{"start":{"line":148,"column":8},"end":{"line":148,"column":30}},"type":"binary-expr","locations":[{"start":{"line":148,"column":8},"end":{"line":148,"column":16}},{"start":{"line":148,"column":20},"end":{"line":148,"column":30}}],"line":148},"18":{"loc":{"start":{"line":152,"column":4},"end":{"line":154,"column":5}},"type":"if","locations":[{"start":{"line":152,"column":4},"end":{"line":154,"column":5}},{"start":{},"end":{}}],"line":152},"19":{"loc":{"start":{"line":153,"column":13},"end":{"line":153,"column":41}},"type":"cond-expr","locations":[{"start":{"line":153,"column":27},"end":{"line":153,"column":31}},{"start":{"line":153,"column":34},"end":{"line":153,"column":41}}],"line":153},"20":{"loc":{"start":{"line":166,"column":4},"end":{"line":169,"column":5}},"type":"if","locations":[{"start":{"line":166,"column":4},"end":{"line":169,"column":5}},{"start":{},"end":{}}],"line":166},"21":{"loc":{"start":{"line":177,"column":23},"end":{"line":177,"column":33}},"type":"default-arg","locations":[{"start":{"line":177,"column":31},"end":{"line":177,"column":33}}],"line":177},"22":{"loc":{"start":{"line":179,"column":11},"end":{"line":179,"column":30}},"type":"binary-expr","locations":[{"start":{"line":179,"column":11},"end":{"line":179,"column":25}},{"start":{"line":179,"column":29},"end":{"line":179,"column":30}}],"line":179},"23":{"loc":{"start":{"line":186,"column":4},"end":{"line":205,"column":5}},"type":"if","locations":[{"start":{"line":186,"column":4},"end":{"line":205,"column":5}},{"start":{},"end":{}}],"line":186},"24":{"loc":{"start":{"line":191,"column":6},"end":{"line":193,"column":7}},"type":"if","locations":[{"start":{"line":191,"column":6},"end":{"line":193,"column":7}},{"start":{},"end":{}}],"line":191},"25":{"loc":{"start":{"line":191,"column":10},"end":{"line":191,"column":32}},"type":"binary-expr","locations":[{"start":{"line":191,"column":10},"end":{"line":191,"column":18}},{"start":{"line":191,"column":22},"end":{"line":191,"column":32}}],"line":191},"26":{"loc":{"start":{"line":195,"column":6},"end":{"line":204,"column":7}},"type":"if","locations":[{"start":{"line":195,"column":6},"end":{"line":204,"column":7}},{"start":{},"end":{}}],"line":195},"27":{"loc":{"start":{"line":227,"column":7},"end":{"line":227,"column":27}},"type":"default-arg","locations":[{"start":{"line":227,"column":25},"end":{"line":227,"column":27}}],"line":227},"28":{"loc":{"start":{"line":231,"column":17},"end":{"line":231,"column":50}},"type":"binary-expr","locations":[{"start":{"line":231,"column":17},"end":{"line":231,"column":22}},{"start":{"line":231,"column":26},"end":{"line":231,"column":50}}],"line":231},"29":{"loc":{"start":{"line":232,"column":6},"end":{"line":234,"column":7}},"type":"if","locations":[{"start":{"line":232,"column":6},"end":{"line":234,"column":7}},{"start":{},"end":{}}],"line":232},"30":{"loc":{"start":{"line":238,"column":16},"end":{"line":238,"column":29}},"type":"binary-expr","locations":[{"start":{"line":238,"column":16},"end":{"line":238,"column":24}},{"start":{"line":238,"column":28},"end":{"line":238,"column":29}}],"line":238},"31":{"loc":{"start":{"line":239,"column":21},"end":{"line":239,"column":39}},"type":"binary-expr","locations":[{"start":{"line":239,"column":21},"end":{"line":239,"column":34}},{"start":{"line":239,"column":38},"end":{"line":239,"column":39}}],"line":239},"32":{"loc":{"start":{"line":240,"column":18},"end":{"line":240,"column":62}},"type":"cond-expr","locations":[{"start":{"line":240,"column":45},"end":{"line":240,"column":55}},{"start":{"line":240,"column":58},"end":{"line":240,"column":62}}],"line":240},"33":{"loc":{"start":{"line":241,"column":19},"end":{"line":241,"column":44}},"type":"binary-expr","locations":[{"start":{"line":241,"column":19},"end":{"line":241,"column":30}},{"start":{"line":241,"column":34},"end":{"line":241,"column":44}}],"line":241},"34":{"loc":{"start":{"line":242,"column":19},"end":{"line":242,"column":44}},"type":"binary-expr","locations":[{"start":{"line":242,"column":19},"end":{"line":242,"column":30}},{"start":{"line":242,"column":34},"end":{"line":242,"column":44}}],"line":242},"35":{"loc":{"start":{"line":258,"column":11},"end":{"line":258,"column":37}},"type":"binary-expr","locations":[{"start":{"line":258,"column":11},"end":{"line":258,"column":29}},{"start":{"line":258,"column":33},"end":{"line":258,"column":37}}],"line":258},"36":{"loc":{"start":{"line":293,"column":29},"end":{"line":293,"column":43}},"type":"default-arg","locations":[{"start":{"line":293,"column":41},"end":{"line":293,"column":43}}],"line":293}},"s":{"0":3,"1":3,"2":2,"3":14,"4":0,"5":14,"6":8,"7":6,"8":6,"9":0,"10":58,"11":0,"12":58,"13":3,"14":3,"15":3,"16":3,"17":3,"18":3,"19":20,"20":20,"21":20,"22":52,"23":20,"24":4,"25":12,"26":20,"27":4,"28":4,"29":12,"30":4,"31":4,"32":8,"33":20,"34":10,"35":10,"36":9,"37":0,"38":9,"39":10,"40":10,"41":10,"42":10,"43":10,"44":0,"45":10,"46":12,"47":12,"48":0,"49":12,"50":11,"51":11,"52":0,"53":11,"54":4,"55":7,"56":7,"57":7,"58":7,"59":4,"60":4,"61":3,"62":10,"63":10,"64":0,"65":0,"66":0,"67":0,"68":0,"69":0,"70":0,"71":0,"72":0,"73":0,"74":68,"75":68,"76":15,"77":24,"78":24,"79":41,"80":41,"81":41,"82":41,"83":41,"84":3,"85":0,"86":0,"87":0,"88":0,"89":0,"90":0,"91":3,"92":3,"93":3,"94":3,"95":3,"96":12,"97":3,"98":12,"99":12,"100":12,"101":12,"102":12,"103":12,"104":3,"105":12},"f":{"0":2,"1":14,"2":58,"3":0,"4":3,"5":3,"6":20,"7":52,"8":12,"9":12,"10":8,"11":10,"12":9,"13":10,"14":10,"15":0,"16":10,"17":12,"18":11,"19":10,"20":0,"21":68,"22":15,"23":24,"24":41,"25":3,"26":0,"27":0,"28":0,"29":12,"30":12,"31":12},"b":{"0":[0,14],"1":[8,6],"2":[6,0],"3":[0],"4":[20,0],"5":[4,16],"6":[4,16],"7":[4,0],"8":[4,0],"9":[0,9],"10":[0,0],"11":[0,9],"12":[0,12],"13":[12,5],"14":[7,5],"15":[3],"16":[0,11],"17":[11,4],"18":[4,7],"19":[4,0],"20":[4,3],"21":[0],"22":[10,1],"23":[0,0],"24":[0,0],"25":[0,0],"26":[0,0],"27":[0],"28":[41,41],"29":[41,0],"30":[41,39],"31":[41,39],"32":[1,40],"33":[41,41],"34":[41,41],"35":[0,0],"36":[12]},"_coverageSchema":"1a1c01bbd47fc00a2c39e90264f33305004495a9","hash":"dcf3300433077459ece4ad141f2e7c1432e11cea"}
,"/workspace/tests/helpers/test.config.js": {"path":"/workspace/tests/helpers/test.config.js","statementMap":{"0":{"start":{"line":1,"column":0},"end":{"line":42,"column":2}}},"fnMap":{},"branchMap":{},"s":{"0":3},"f":{},"b":{},"_coverageSchema":"1a1c01bbd47fc00a2c39e90264f33305004495a9","hash":"ae9401286abc1432fea29da37ce353a188caa400"}
,"/workspace/tests/helpers/test.helpers.js": {"path":"/workspace/tests/helpers/test.helpers.js","statementMap":{"0":{"start":{"line":1,"column":12},"end":{"line":1,"column":35}},"1":{"start":{"line":2,"column":15},"end":{"line":2,"column":39}},"2":{"start":{"line":9,"column":0},"end":{"line":11,"column":2}},"3":{"start":{"line":10,"column":2},"end":{"line":10,"column":67}},"4":{"start":{"line":18,"column":0},"end":{"line":28,"column":2}},"5":{"start":{"line":19,"column":16},"end":{"line":23,"column":4}},"6":{"start":{"line":25,"column":2},"end":{"line":27,"column":4}},"7":{"start":{"line":34,"column":0},"end":{"line":40,"column":2}},"8":{"start":{"line":35,"column":2},"end":{"line":39,"column":5}},"9":{"start":{"line":46,"column":0},"end":{"line":52,"column":2}},"10":{"start":{"line":47,"column":2},"end":{"line":51,"column":5}},"11":{"start":{"line":58,"column":0},"end":{"line":64,"column":2}},"12":{"start":{"line":59,"column":2},"end":{"line":63,"column":4}},"13":{"start":{"line":70,"column":0},"end":{"line":72,"column":2}},"14":{"start":{"line":71,"column":2},"end":{"line":71,"column":30}},"15":{"start":{"line":79,"column":0},"end":{"line":84,"column":2}},"16":{"start":{"line":80,"column":2},"end":{"line":83,"column":4}},"17":{"start":{"line":91,"column":0},"end":{"line":99,"column":2}},"18":{"start":{"line":92,"column":2},"end":{"line":98,"column":4}}},"fnMap":{"0":{"name":"(anonymous_0)","decl":{"start":{"line":9,"column":24},"end":{"line":9,"column":25}},"loc":{"start":{"line":9,"column":37},"end":{"line":11,"column":1}},"line":9},"1":{"name":"(anonymous_1)","decl":{"start":{"line":18,"column":28},"end":{"line":18,"column":29}},"loc":{"start":{"line":18,"column":38},"end":{"line":28,"column":1}},"line":18},"2":{"name":"(anonymous_2)","decl":{"start":{"line":34,"column":33},"end":{"line":34,"column":34}},"loc":{"start":{"line":34,"column":39},"end":{"line":40,"column":1}},"line":34},"3":{"name":"(anonymous_3)","decl":{"start":{"line":46,"column":32},"end":{"line":46,"column":33}},"loc":{"start":{"line":46,"column":38},"end":{"line":52,"column":1}},"line":46},"4":{"name":"(anonymous_4)","decl":{"start":{"line":58,"column":31},"end":{"line":58,"column":32}},"loc":{"start":{"line":58,"column":37},"end":{"line":64,"column":1}},"line":58},"5":{"name":"(anonymous_5)","decl":{"start":{"line":70,"column":31},"end":{"line":70,"column":32}},"loc":{"start":{"line":70,"column":37},"end":{"line":72,"column":1}},"line":70},"6":{"name":"(anonymous_6)","decl":{"start":{"line":79,"column":28},"end":{"line":79,"column":29}},"loc":{"start":{"line":79,"column":48},"end":{"line":84,"column":1}},"line":79},"7":{"name":"(anonymous_7)","decl":{"start":{"line":91,"column":25},"end":{"line":91,"column":26}},"loc":{"start":{"line":91,"column":45},"end":{"line":99,"column":1}},"line":91}},"branchMap":{"0":{"loc":{"start":{"line":20,"column":8},"end":{"line":20,"column":33}},"type":"binary-expr","locations":[{"start":{"line":20,"column":8},"end":{"line":20,"column":15}},{"start":{"line":20,"column":19},"end":{"line":20,"column":33}}],"line":20},"1":{"loc":{"start":{"line":79,"column":29},"end":{"line":79,"column":43}},"type":"default-arg","locations":[{"start":{"line":79,"column":41},"end":{"line":79,"column":43}}],"line":79},"2":{"loc":{"start":{"line":91,"column":26},"end":{"line":91,"column":40}},"type":"default-arg","locations":[{"start":{"line":91,"column":38},"end":{"line":91,"column":40}}],"line":91}},"s":{"0":1,"1":1,"2":1,"3":2,"4":1,"5":0,"6":0,"7":1,"8":0,"9":1,"10":0,"11":1,"12":0,"13":1,"14":0,"15":1,"16":0,"17":1,"18":0},"f":{"0":2,"1":0,"2":0,"3":0,"4":0,"5":0,"6":0,"7":0},"b":{"0":[0,0],"1":[0],"2":[0]},"_coverageSchema":"1a1c01bbd47fc00a2c39e90264f33305004495a9","hash":"b1c2485461cfc5319b5c4305389cbc968658fd86"}
}
