TN:
SF:src/server.js
FN:22,(anonymous_0)
FN:33,(anonymous_1)
FN:38,(anonymous_2)
FNF:3
FNH:1
FNDA:1,(anonymous_0)
FNDA:0,(anonymous_1)
FNDA:0,(anonymous_2)
DA:1,1
DA:2,1
DA:3,1
DA:4,1
DA:6,1
DA:7,1
DA:8,1
DA:10,1
DA:11,1
DA:14,1
DA:17,1
DA:18,1
DA:19,1
DA:22,1
DA:23,1
DA:27,1
DA:30,1
DA:33,1
DA:34,0
DA:37,1
DA:38,0
DA:39,0
DA:43,1
LF:23
LH:20
BRDA:11,0,0,1
BRDA:11,0,1,1
BRDA:37,1,0,0
BRDA:37,1,1,1
BRF:4
BRH:3
end_of_record
TN:
SF:src/controllers/product.controller.js
FN:7,(anonymous_0)
FN:37,(anonymous_1)
FN:55,(anonymous_2)
FN:73,(anonymous_3)
FN:91,(anonymous_4)
FN:108,(anonymous_5)
FNF:6
FNH:6
FNDA:7,(anonymous_0)
FNDA:3,(anonymous_1)
FNDA:3,(anonymous_2)
FNDA:4,(anonymous_3)
FNDA:4,(anonymous_4)
FNDA:3,(anonymous_5)
DA:1,2
DA:7,2
DA:8,7
DA:9,7
DA:20,7
DA:22,6
DA:29,1
DA:37,2
DA:38,3
DA:39,3
DA:41,1
DA:47,2
DA:55,2
DA:56,3
DA:57,3
DA:59,2
DA:65,1
DA:73,2
DA:74,4
DA:75,4
DA:77,2
DA:83,2
DA:91,2
DA:92,4
DA:93,4
DA:95,2
DA:100,2
DA:108,2
DA:109,3
DA:110,3
DA:112,3
DA:118,1
DA:124,2
LF:33
LH:33
BRF:0
BRH:0
end_of_record
TN:
SF:src/middlewares/auth.middleware.js
FN:11,createAuthMiddleware
FN:12,(anonymous_1)
FNF:2
FNH:2
FNDA:3,createAuthMiddleware
FNDA:27,(anonymous_1)
DA:1,1
DA:4,1
DA:12,3
DA:13,27
DA:14,27
DA:16,27
DA:17,2
DA:23,25
DA:25,25
DA:26,0
DA:32,25
DA:33,25
DA:36,25
DA:37,3
DA:43,22
DA:45,0
DA:46,0
DA:52,0
DA:53,0
DA:59,0
DA:69,1
DA:70,1
DA:71,1
LF:23
LH:17
BRDA:4,0,0,1
BRDA:4,0,1,0
BRDA:11,1,0,2
BRDA:16,2,0,2
BRDA:16,2,1,25
BRDA:16,3,0,27
BRDA:16,3,1,25
BRDA:25,4,0,0
BRDA:25,4,1,25
BRDA:32,5,0,25
BRDA:32,5,1,0
BRDA:36,6,0,3
BRDA:36,6,1,22
BRDA:36,7,0,25
BRDA:36,7,1,11
BRDA:36,7,2,11
BRDA:45,8,0,0
BRDA:45,8,1,0
BRDA:52,9,0,0
BRDA:52,9,1,0
BRF:20
BRH:13
end_of_record
TN:
SF:src/middlewares/error.middleware.js
FN:4,(anonymous_0)
FN:12,(anonymous_1)
FNF:2
FNH:1
FNDA:4,(anonymous_0)
FNDA:0,(anonymous_1)
DA:4,1
DA:5,4
DA:7,4
DA:8,4
DA:11,4
DA:12,0
DA:13,0
DA:21,4
DA:22,0
DA:23,0
DA:30,4
DA:31,0
DA:38,4
DA:39,0
DA:45,4
DA:46,0
DA:52,4
DA:59,1
LF:18
LH:11
BRDA:7,0,0,4
BRDA:7,0,1,0
BRDA:8,1,0,4
BRDA:8,1,1,0
BRDA:11,2,0,0
BRDA:11,2,1,4
BRDA:21,3,0,0
BRDA:21,3,1,4
BRDA:30,4,0,0
BRDA:30,4,1,4
BRDA:38,5,0,0
BRDA:38,5,1,4
BRDA:45,6,0,0
BRDA:45,6,1,4
BRDA:55,7,0,4
BRDA:55,7,1,0
BRF:16
BRH:8
end_of_record
TN:
SF:src/routes/product.routes.js
FNF:0
FNH:0
DA:1,1
DA:2,1
DA:3,1
DA:4,1
DA:12,1
DA:19,1
DA:26,1
DA:33,1
DA:40,1
DA:47,1
DA:54,1
DA:56,1
LF:12
LH:12
BRF:0
BRH:0
end_of_record
TN:
SF:src/services/product.service.js
FN:8,(anonymous_0)
FN:60,(anonymous_1)
FN:82,(anonymous_2)
FN:90,(anonymous_3)
FN:116,(anonymous_4)
FN:142,(anonymous_5)
FN:183,(anonymous_6)
FNF:7
FNH:7
FNDA:10,(anonymous_0)
FNDA:3,(anonymous_1)
FNDA:3,(anonymous_2)
FNDA:4,(anonymous_3)
FNDA:4,(anonymous_4)
FNDA:3,(anonymous_5)
FNDA:4,(anonymous_6)
DA:1,2
DA:2,2
DA:18,10
DA:21,10
DA:23,10
DA:24,2
DA:27,10
DA:28,2
DA:29,2
DA:30,2
DA:33,10
DA:34,1
DA:38,10
DA:39,10
DA:44,10
DA:46,10
DA:62,3
DA:63,0
DA:64,0
DA:65,0
DA:68,3
DA:70,3
DA:71,2
DA:72,2
DA:73,2
DA:76,1
DA:83,3
DA:84,3
DA:92,4
DA:93,0
DA:94,0
DA:95,0
DA:98,4
DA:104,4
DA:105,2
DA:106,2
DA:107,2
DA:110,2
DA:118,4
DA:119,0
DA:120,0
DA:121,0
DA:124,4
DA:130,4
DA:131,2
DA:132,2
DA:133,2
DA:136,2
DA:144,3
DA:145,0
DA:146,0
DA:147,0
DA:150,3
DA:152,3
DA:154,3
DA:155,2
DA:156,2
DA:157,2
DA:161,1
DA:162,0
DA:163,0
DA:164,0
DA:168,1
DA:170,1
DA:171,1
DA:172,1
DA:177,1
DA:184,4
DA:186,4
DA:187,1
DA:188,1
DA:189,1
DA:192,3
DA:194,3
DA:195,1
DA:196,1
DA:197,1
DA:200,2
DA:201,2
DA:203,2
DA:207,2
LF:81
LH:66
BRDA:8,0,0,0
BRDA:14,1,0,10
BRDA:15,2,0,10
BRDA:16,3,0,5
BRDA:17,4,0,5
BRDA:23,5,0,2
BRDA:23,5,1,8
BRDA:27,6,0,2
BRDA:27,6,1,8
BRDA:27,7,0,10
BRDA:27,7,1,8
BRDA:29,8,0,2
BRDA:29,8,1,0
BRDA:30,9,0,2
BRDA:30,9,1,0
BRDA:33,10,0,1
BRDA:33,10,1,9
BRDA:40,11,0,0
BRDA:40,11,1,10
BRDA:62,12,0,0
BRDA:62,12,1,3
BRDA:70,13,0,2
BRDA:70,13,1,1
BRDA:92,14,0,0
BRDA:92,14,1,4
BRDA:104,15,0,2
BRDA:104,15,1,2
BRDA:118,16,0,0
BRDA:118,16,1,4
BRDA:130,17,0,2
BRDA:130,17,1,2
BRDA:144,18,0,0
BRDA:144,18,1,3
BRDA:154,19,0,2
BRDA:154,19,1,1
BRDA:161,20,0,0
BRDA:161,20,1,1
BRDA:161,21,0,1
BRDA:161,21,1,1
BRDA:186,22,0,1
BRDA:186,22,1,3
BRDA:194,23,0,1
BRDA:194,23,1,2
BRF:43
BRH:34
end_of_record
TN:
SF:src/validators/product.validator.js
FN:139,(anonymous_0)
FN:147,(anonymous_1)
FNF:2
FNH:2
FNDA:17,(anonymous_0)
FNDA:8,(anonymous_1)
DA:1,1
DA:6,1
DA:46,1
DA:78,1
DA:87,1
DA:105,1
DA:139,1
DA:140,17
DA:141,17
DA:143,17
DA:144,7
DA:147,8
DA:154,10
LF:13
LH:13
BRDA:143,0,0,7
BRDA:143,0,1,10
BRDA:148,1,0,8
BRDA:148,1,1,0
BRF:4
BRH:3
end_of_record
TN:
SF:tests/fixtures/product.fixtures.js
FN:204,(anonymous_0)
FNF:1
FNH:0
FNDA:0,(anonymous_0)
DA:5,3
DA:10,3
DA:146,3
DA:175,3
DA:204,3
DA:205,0
DA:206,0
DA:207,0
DA:208,0
DA:210,0
DA:216,3
DA:221,3
LF:12
LH:7
BRF:0
BRH:0
end_of_record
TN:
SF:tests/helpers/mocks.js
FN:8,(anonymous_0)
FN:11,(anonymous_1)
FN:31,createMockProductDoc
FN:34,(anonymous_3)
FN:46,(anonymous_4)
FN:54,(anonymous_5)
FN:73,(anonymous_6)
FN:78,(anonymous_7)
FN:83,(anonymous_8)
FN:89,(anonymous_9)
FN:92,(anonymous_10)
FN:98,(anonymous_11)
FN:101,(anonymous_12)
FN:109,(anonymous_13)
FN:112,(anonymous_14)
FN:118,(anonymous_15)
FN:121,(anonymous_16)
FN:128,(anonymous_17)
FN:143,(anonymous_18)
FN:177,(anonymous_19)
FN:185,(anonymous_20)
FN:212,(anonymous_21)
FN:220,(anonymous_22)
FN:227,(anonymous_23)
FN:229,(anonymous_24)
FN:253,(anonymous_25)
FN:257,(anonymous_26)
FN:261,(anonymous_27)
FN:272,(anonymous_28)
FN:293,(anonymous_29)
FN:305,(anonymous_30)
FN:317,(anonymous_31)
FNF:32
FNH:26
FNDA:2,(anonymous_0)
FNDA:14,(anonymous_1)
FNDA:58,createMockProductDoc
FNDA:0,(anonymous_3)
FNDA:3,(anonymous_4)
FNDA:3,(anonymous_5)
FNDA:20,(anonymous_6)
FNDA:52,(anonymous_7)
FNDA:12,(anonymous_8)
FNDA:12,(anonymous_9)
FNDA:8,(anonymous_10)
FNDA:10,(anonymous_11)
FNDA:9,(anonymous_12)
FNDA:10,(anonymous_13)
FNDA:10,(anonymous_14)
FNDA:0,(anonymous_15)
FNDA:10,(anonymous_16)
FNDA:12,(anonymous_17)
FNDA:11,(anonymous_18)
FNDA:10,(anonymous_19)
FNDA:0,(anonymous_20)
FNDA:68,(anonymous_21)
FNDA:15,(anonymous_22)
FNDA:24,(anonymous_23)
FNDA:41,(anonymous_24)
FNDA:3,(anonymous_25)
FNDA:0,(anonymous_26)
FNDA:0,(anonymous_27)
FNDA:0,(anonymous_28)
FNDA:12,(anonymous_29)
FNDA:12,(anonymous_30)
FNDA:12,(anonymous_31)
DA:5,3
DA:8,3
DA:13,14
DA:15,14
DA:17,6
DA:18,0
DA:32,58
DA:35,0
DA:38,58
DA:47,3
DA:48,3
DA:55,3
DA:56,3
DA:66,3
DA:67,3
DA:74,20
DA:77,20
DA:78,52
DA:82,20
DA:83,12
DA:87,20
DA:88,4
DA:89,12
DA:91,4
DA:92,8
DA:97,20
DA:100,10
DA:101,10
DA:102,9
DA:103,0
DA:105,9
DA:108,10
DA:110,10
DA:111,10
DA:113,10
DA:114,10
DA:118,0
DA:121,10
DA:130,12
DA:133,12
DA:134,0
DA:137,12
DA:145,11
DA:148,11
DA:149,0
DA:152,11
DA:153,4
DA:157,7
DA:158,7
DA:160,7
DA:166,7
DA:167,4
DA:168,4
DA:171,3
DA:178,10
DA:179,10
DA:186,0
DA:187,0
DA:188,0
DA:191,0
DA:192,0
DA:195,0
DA:197,0
DA:202,0
DA:203,0
DA:206,0
DA:213,68
DA:214,68
DA:221,15
DA:228,24
DA:229,24
DA:231,41
DA:232,41
DA:233,41
DA:235,41
DA:244,41
DA:254,3
DA:258,0
DA:262,0
DA:263,0
DA:268,0
DA:269,0
DA:273,0
DA:278,3
DA:279,3
DA:280,3
DA:285,3
DA:293,12
DA:305,3
DA:306,12
DA:307,12
DA:308,12
DA:309,12
DA:310,12
DA:311,12
DA:317,12
LF:96
LH:74
BRDA:13,0,0,0
BRDA:13,0,1,14
BRDA:15,1,0,8
BRDA:15,1,1,6
BRDA:17,2,0,6
BRDA:17,2,1,0
BRDA:73,3,0,0
BRDA:77,4,0,20
BRDA:77,4,1,0
BRDA:82,5,0,4
BRDA:82,5,1,16
BRDA:87,6,0,4
BRDA:87,6,1,16
BRDA:88,7,0,4
BRDA:88,7,1,0
BRDA:91,8,0,4
BRDA:91,8,1,0
BRDA:102,9,0,0
BRDA:102,9,1,9
BRDA:103,10,0,0
BRDA:103,10,1,0
BRDA:105,11,0,0
BRDA:105,11,1,9
BRDA:133,12,0,0
BRDA:133,12,1,12
BRDA:133,13,0,12
BRDA:133,13,1,5
BRDA:137,14,0,7
BRDA:137,14,1,5
BRDA:143,15,0,3
BRDA:148,16,0,0
BRDA:148,16,1,11
BRDA:148,17,0,11
BRDA:148,17,1,4
BRDA:152,18,0,4
BRDA:152,18,1,7
BRDA:153,19,0,4
BRDA:153,19,1,0
BRDA:166,20,0,4
BRDA:166,20,1,3
BRDA:177,21,0,0
BRDA:179,22,0,10
BRDA:179,22,1,1
BRDA:186,23,0,0
BRDA:186,23,1,0
BRDA:191,24,0,0
BRDA:191,24,1,0
BRDA:191,25,0,0
BRDA:191,25,1,0
BRDA:195,26,0,0
BRDA:195,26,1,0
BRDA:227,27,0,0
BRDA:231,28,0,41
BRDA:231,28,1,41
BRDA:232,29,0,41
BRDA:232,29,1,0
BRDA:238,30,0,41
BRDA:238,30,1,39
BRDA:239,31,0,41
BRDA:239,31,1,39
BRDA:240,32,0,1
BRDA:240,32,1,40
BRDA:241,33,0,41
BRDA:241,33,1,41
BRDA:242,34,0,41
BRDA:242,34,1,41
BRDA:258,35,0,0
BRDA:258,35,1,0
BRDA:293,36,0,12
BRF:69
BRH:43
end_of_record
TN:
SF:tests/helpers/test.config.js
FNF:0
FNH:0
DA:1,3
LF:1
LH:1
BRF:0
BRH:0
end_of_record
TN:
SF:tests/helpers/test.helpers.js
FN:9,(anonymous_0)
FN:18,(anonymous_1)
FN:34,(anonymous_2)
FN:46,(anonymous_3)
FN:58,(anonymous_4)
FN:70,(anonymous_5)
FN:79,(anonymous_6)
FN:91,(anonymous_7)
FNF:8
FNH:1
FNDA:2,(anonymous_0)
FNDA:0,(anonymous_1)
FNDA:0,(anonymous_2)
FNDA:0,(anonymous_3)
FNDA:0,(anonymous_4)
FNDA:0,(anonymous_5)
FNDA:0,(anonymous_6)
FNDA:0,(anonymous_7)
DA:1,1
DA:2,1
DA:9,1
DA:10,2
DA:18,1
DA:19,0
DA:25,0
DA:34,1
DA:35,0
DA:46,1
DA:47,0
DA:58,1
DA:59,0
DA:70,1
DA:71,0
DA:79,1
DA:80,0
DA:91,1
DA:92,0
LF:19
LH:11
BRDA:20,0,0,0
BRDA:20,0,1,0
BRDA:79,1,0,0
BRDA:91,2,0,0
BRF:4
BRH:0
end_of_record
